<?xml version="1.0" encoding="UTF-8"?>
<coverage generated="1747176849218" clover="3.2.0">
  <project timestamp="1747176849219" name="All files">
    <metrics statements="17" coveredstatements="17" conditionals="4" coveredconditionals="2" methods="8" coveredmethods="8" elements="29" coveredelements="27" complexity="0" loc="17" ncloc="17" packages="1" files="1" classes="1"/>
    <file name="counter.jsx" path="D:\Users\Juan\Downloads\mi-contador\src\components\counter.jsx">
      <metrics statements="17" coveredstatements="17" conditionals="4" coveredconditionals="2" methods="8" coveredmethods="8"/>
      <line num="5" count="26" type="stmt"/>
      <line num="6" count="26" type="stmt"/>
      <line num="7" count="26" type="stmt"/>
      <line num="9" count="26" type="stmt"/>
      <line num="10" count="2" type="stmt"/>
      <line num="11" count="2" type="cond" truecount="1" falsecount="1"/>
      <line num="14" count="26" type="stmt"/>
      <line num="15" count="2" type="stmt"/>
      <line num="16" count="2" type="cond" truecount="1" falsecount="1"/>
      <line num="17" count="2" type="stmt"/>
      <line num="18" count="2" type="stmt"/>
      <line num="21" count="26" type="stmt"/>
      <line num="26" count="1" type="stmt"/>
      <line num="27" count="1" type="stmt"/>
      <line num="36" count="3" type="stmt"/>
      <line num="37" count="1" type="stmt"/>
      <line num="46" count="7" type="stmt"/>
    </file>
  </project>
</coverage>
