{"D:\\Users\\Juan\\Downloads\\mi-contador\\src\\components\\counter.jsx": {"path":"D:\\Users\\Juan\\Downloads\\mi-contador\\src\\components\\counter.jsx","statementMap":{"0":{"start":{"line":5,"column":42},"end":{"line":5,"column":53}},"1":{"start":{"line":6,"column":32},"end":{"line":6,"column":43}},"2":{"start":{"line":7,"column":26},"end":{"line":7,"column":37}},"3":{"start":{"line":9,"column":27},"end":{"line":12,"column":3}},"4":{"start":{"line":10,"column":18},"end":{"line":10,"column":46}},"5":{"start":{"line":11,"column":4},"end":{"line":11,"column":45}},"6":{"start":{"line":14,"column":35},"end":{"line":19,"column":3}},"7":{"start":{"line":15,"column":18},"end":{"line":15,"column":46}},"8":{"start":{"line":16,"column":23},"end":{"line":16,"column":54}},"9":{"start":{"line":17,"column":4},"end":{"line":17,"column":32}},"10":{"start":{"line":18,"column":4},"end":{"line":18,"column":27}},"11":{"start":{"line":21,"column":2},"end":{"line":48,"column":4}},"12":{"start":{"line":26,"column":29},"end":{"line":26,"column":52}},"13":{"start":{"line":27,"column":29},"end":{"line":27,"column":52}},"14":{"start":{"line":36,"column":29},"end":{"line":36,"column":55}},"15":{"start":{"line":37,"column":29},"end":{"line":37,"column":55}},"16":{"start":{"line":46,"column":29},"end":{"line":46,"column":53}}},"fnMap":{"0":{"name":"Counter","decl":{"start":{"line":4,"column":24},"end":{"line":4,"column":31}},"loc":{"start":{"line":4,"column":34},"end":{"line":49,"column":1}},"line":4},"1":{"name":"(anonymous_1)","decl":{"start":{"line":9,"column":27},"end":{"line":9,"column":28}},"loc":{"start":{"line":9,"column":34},"end":{"line":12,"column":3}},"line":9},"2":{"name":"(anonymous_2)","decl":{"start":{"line":14,"column":35},"end":{"line":14,"column":36}},"loc":{"start":{"line":14,"column":42},"end":{"line":19,"column":3}},"line":14},"3":{"name":"(anonymous_3)","decl":{"start":{"line":26,"column":23},"end":{"line":26,"column":24}},"loc":{"start":{"line":26,"column":29},"end":{"line":26,"column":52}},"line":26},"4":{"name":"(anonymous_4)","decl":{"start":{"line":27,"column":23},"end":{"line":27,"column":24}},"loc":{"start":{"line":27,"column":29},"end":{"line":27,"column":52}},"line":27},"5":{"name":"(anonymous_5)","decl":{"start":{"line":36,"column":23},"end":{"line":36,"column":24}},"loc":{"start":{"line":36,"column":29},"end":{"line":36,"column":55}},"line":36},"6":{"name":"(anonymous_6)","decl":{"start":{"line":37,"column":23},"end":{"line":37,"column":24}},"loc":{"start":{"line":37,"column":29},"end":{"line":37,"column":55}},"line":37},"7":{"name":"(anonymous_7)","decl":{"start":{"line":46,"column":23},"end":{"line":46,"column":24}},"loc":{"start":{"line":46,"column":29},"end":{"line":46,"column":53}},"line":46}},"branchMap":{"0":{"loc":{"start":{"line":11,"column":12},"end":{"line":11,"column":43}},"type":"cond-expr","locations":[{"start":{"line":11,"column":34},"end":{"line":11,"column":35}},{"start":{"line":11,"column":38},"end":{"line":11,"column":43}}],"line":11},"1":{"loc":{"start":{"line":16,"column":23},"end":{"line":16,"column":54}},"type":"cond-expr","locations":[{"start":{"line":16,"column":45},"end":{"line":16,"column":46}},{"start":{"line":16,"column":49},"end":{"line":16,"column":54}}],"line":16}},"s":{"0":26,"1":26,"2":26,"3":26,"4":2,"5":2,"6":26,"7":2,"8":2,"9":2,"10":2,"11":26,"12":1,"13":1,"14":3,"15":1,"16":7},"f":{"0":26,"1":2,"2":2,"3":1,"4":1,"5":3,"6":1,"7":7},"b":{"0":[0,2],"1":[0,2]},"_coverageSchema":"1a1c01bbd47fc00a2c39e90264f33305004495a9","hash":"886fbe346d617005fb2cec4b6e2e42a3c049e375"}
}
