TN:
SF:src\components\counter.jsx
FN:4,Counter
FN:9,(anonymous_1)
FN:14,(anonymous_2)
FN:26,(anonymous_3)
FN:27,(anonymous_4)
FN:36,(anonymous_5)
FN:37,(anonymous_6)
FN:46,(anonymous_7)
FNF:8
FNH:8
FNDA:26,Counter
FNDA:2,(anonymous_1)
FNDA:2,(anonymous_2)
FNDA:1,(anonymous_3)
FNDA:1,(anonymous_4)
FNDA:3,(anonymous_5)
FNDA:1,(anonymous_6)
FNDA:7,(anonymous_7)
DA:5,26
DA:6,26
DA:7,26
DA:9,26
DA:10,2
DA:11,2
DA:14,26
DA:15,2
DA:16,2
DA:17,2
DA:18,2
DA:21,26
DA:26,1
DA:27,1
DA:36,3
DA:37,1
DA:46,7
LF:17
LH:17
BRDA:11,0,0,0
BRDA:11,0,1,2
BRDA:16,1,0,0
BRDA:16,1,1,2
BRF:4
BRH:2
end_of_record
